0 info it worked if it ends with ok
1 verbose cli [ 'C:\\Program Files\\nodejs\\node.exe',
1 verbose cli   'C:\\Program Files\\nodejs\\node_modules\\npm\\bin\\npm-cli.js',
1 verbose cli   'run',
1 verbose cli   'build' ]
2 info using npm@3.10.10
3 info using node@v6.9.4
4 verbose run-script [ 'prebuild', 'build', 'postbuild' ]
5 info lifecycle vscode-devtools-for-chrome@0.0.2~prebuild: vscode-devtools-for-chrome@0.0.2
6 silly lifecycle vscode-devtools-for-chrome@0.0.2~prebuild: no script for prebuild, continuing
7 info lifecycle vscode-devtools-for-chrome@0.0.2~build: vscode-devtools-for-chrome@0.0.2
8 verbose lifecycle vscode-devtools-for-chrome@0.0.2~build: unsafe-perm in lifecycle true
9 verbose lifecycle vscode-devtools-for-chrome@0.0.2~build: PATH: C:\Program Files\nodejs\node_modules\npm\bin\node-gyp-bin;D:\Git\vscode-devtools\node_modules\.bin;C:\Program Files (x86)\Common Files\Oracle\Java\javapath;C:\Program Files\Oculus\Support\oculus-runtime;C:\Program Files\NVIDIA GPU Computing Toolkit\CUDA\v9.0\bin;C:\Program Files\NVIDIA GPU Computing Toolkit\CUDA\v9.0\libnvvp;C:\ProgramData\Oracle\Java\javapath;C:\Windows\system32;C:\Windows;C:\Windows\System32\Wbem;C:\Windows\System32\WindowsPowerShell\v1.0\;C:\Program Files\nodejs\;C:\Program Files\Git\cmd;C:\Program Files (x86)\GtkSharp\2.12\bin;C:\Program Files (x86)\NVIDIA Corporation\PhysX\Common;C:\Program Files\CMake\bin;C:\Program Files\ffmpeg\bin;C:\WINDOWS\system32;C:\WINDOWS;C:\WINDOWS\System32\Wbem;C:\WINDOWS\System32\WindowsPowerShell\v1.0\;C:\Program Files\PuTTY\;C:\WINDOWS\system32;C:\WINDOWS;C:\WINDOWS\System32\Wbem;C:\WINDOWS\System32\WindowsPowerShell\v1.0\;C:\WINDOWS\System32\OpenSSH\;D:\OpenFaceSwap;C:\Users\jalis\AppData\Local\Programs\Python\Python36\Scripts\;C:\Users\jalis\AppData\Local\Programs\Python\Python36\;C:\Users\jalis\AppData\Local\Microsoft\WindowsApps;C:\Users\jalis\AppData\Roaming\npm;C:\Program Files (x86)\Microsoft VS Code\bin;;C:\Users\jalis\AppData\Local\Programs\Microsoft VS Code\bin
10 verbose lifecycle vscode-devtools-for-chrome@0.0.2~build: CWD: D:\Git\vscode-devtools
11 silly lifecycle vscode-devtools-for-chrome@0.0.2~build: Args: [ '/d /s /c', 'npm run build-ts && npm run build-copy' ]
12 silly lifecycle vscode-devtools-for-chrome@0.0.2~build: Returned: code: 1  signal: null
13 info lifecycle vscode-devtools-for-chrome@0.0.2~build: Failed to exec build script
14 verbose stack Error: vscode-devtools-for-chrome@0.0.2 build: `npm run build-ts && npm run build-copy`
14 verbose stack Exit status 1
14 verbose stack     at EventEmitter.<anonymous> (C:\Program Files\nodejs\node_modules\npm\lib\utils\lifecycle.js:255:16)
14 verbose stack     at emitTwo (events.js:106:13)
14 verbose stack     at EventEmitter.emit (events.js:191:7)
14 verbose stack     at ChildProcess.<anonymous> (C:\Program Files\nodejs\node_modules\npm\lib\utils\spawn.js:40:14)
14 verbose stack     at emitTwo (events.js:106:13)
14 verbose stack     at ChildProcess.emit (events.js:191:7)
14 verbose stack     at maybeClose (internal/child_process.js:877:16)
14 verbose stack     at Process.ChildProcess._handle.onexit (internal/child_process.js:226:5)
15 verbose pkgid vscode-devtools-for-chrome@0.0.2
16 verbose cwd D:\Git\vscode-devtools
17 error Windows_NT 10.0.17134
18 error argv "C:\\Program Files\\nodejs\\node.exe" "C:\\Program Files\\nodejs\\node_modules\\npm\\bin\\npm-cli.js" "run" "build"
19 error node v6.9.4
20 error npm  v3.10.10
21 error code ELIFECYCLE
22 error vscode-devtools-for-chrome@0.0.2 build: `npm run build-ts && npm run build-copy`
22 error Exit status 1
23 error Failed at the vscode-devtools-for-chrome@0.0.2 build script 'npm run build-ts && npm run build-copy'.
23 error Make sure you have the latest version of node.js and npm installed.
23 error If you do, this is most likely a problem with the vscode-devtools-for-chrome package,
23 error not with npm itself.
23 error Tell the author that this fails on your system:
23 error     npm run build-ts && npm run build-copy
23 error You can get information on how to open an issue for this project with:
23 error     npm bugs vscode-devtools-for-chrome
23 error Or if that isn't available, you can get their info via:
23 error     npm owner ls vscode-devtools-for-chrome
23 error There is likely additional logging output above.
24 verbose exit [ 1, true ]
